#
# There is insufficient memory for the Java Runtime Environment to continue.
# Native memory allocation (mmap) failed to map 5368709120 bytes for committing reserved memory.
# Possible reasons:
#   The system is out of physical RAM or swap space
#   The process is running with CompressedOops enabled, and the Java Heap may be blocking the growth of the native heap
# Possible solutions:
#   Reduce memory load on the system
#   Increase physical memory or swap space
#   Check if swap backing store is full
#   Decrease Java heap size (-Xmx/-Xms)
#   Decrease number of Java threads
#   Decrease Java thread stack sizes (-Xss)
#   Set larger code cache with -XX:ReservedCodeCacheSize=
# This output file may be truncated or incomplete.
#
#  Out of Memory Error (os_linux.cpp:2754), pid=2287, tid=0x00007f35ca8f9700
#
# JRE version:  (8.0_242-b08) (build )
# Java VM: OpenJDK 64-Bit Server VM (25.242-b08 mixed mode linux-amd64 compressed oops)
# Failed to write core dump. Core dumps have been disabled. To enable core dumping, try "ulimit -c unlimited" before starting Java again
#

---------------  T H R E A D  ---------------

Current thread (0x00007f35c400c000):  JavaThread "Unknown thread" [_thread_in_vm, id=2288, stack(0x00007f35ca7fa000,0x00007f35ca8fa000)]

Stack: [0x00007f35ca7fa000,0x00007f35ca8fa000],  sp=0x00007f35ca8f8410,  free space=1017k
Native frames: (J=compiled Java code, j=interpreted, Vv=VM code, C=native code)
V  [libjvm.so+0x9fb5cd]  VMError::report_and_die()+0x15d
V  [libjvm.so+0x4c217a]  report_vm_out_of_memory(char const*, int, unsigned long, VMErrorType, char const*)+0x8a
V  [libjvm.so+0x861e07]  os::pd_commit_memory_or_exit(char*, unsigned long, unsigned long, bool, char const*)+0xe7
V  [libjvm.so+0x85988d]  os::commit_memory_or_exit(char*, unsigned long, unsigned long, bool, char const*)+0x1d
V  [libjvm.so+0x57d984]  G1PageBasedVirtualSpace::commit_internal(unsigned long, unsigned long)+0x224
V  [libjvm.so+0x57da84]  G1PageBasedVirtualSpace::commit(unsigned long, unsigned long)+0xf4
V  [libjvm.so+0x580048]  G1RegionsLargerThanCommitSizeMapper::commit_regions(unsigned int, unsigned long)+0x38
V  [libjvm.so+0x5d5f55]  HeapRegionManager::commit_regions(unsigned int, unsigned long)+0x75
V  [libjvm.so+0x5d601e]  HeapRegionManager::make_regions_available(unsigned int, unsigned int)+0x2e
V  [libjvm.so+0x5d669a]  HeapRegionManager::expand_by(unsigned int)+0x5a
V  [libjvm.so+0x5592fa]  G1CollectedHeap::expand(unsigned long)+0x17a
V  [libjvm.so+0x562e17]  G1CollectedHeap::initialize()+0x7d7
V  [libjvm.so+0x9c6c19]  Universe::initialize_heap()+0x189
V  [libjvm.so+0x9c6e13]  universe_init()+0x33
V  [libjvm.so+0x5ea1e5]  init_globals()+0x55
V  [libjvm.so+0x9aa454]  Threads::create_vm(JavaVMInitArgs*, bool*)+0x284
V  [libjvm.so+0x658191]  JNI_CreateJavaVM+0x51
C  [libjli.so+0x7998]  JavaMain+0x88
C  [libpthread.so.0+0x76db]  start_thread+0xdb


---------------  P R O C E S S  ---------------

Java Threads: ( => current thread )

Other Threads:

=>0x00007f35c400c000 (exited) JavaThread "Unknown thread" [_thread_in_vm, id=2288, stack(0x00007f35ca7fa000,0x00007f35ca8fa000)]

VM state:not at safepoint (not fully initialized)

VM Mutex/Monitor currently owned by a thread:  ([mutex/lock_event])
[0x00007f35c4008ac0] Heap_lock - owner thread: 0x00007f35c400c000

heap address: 0x0000000680000000, size: 5120 MB, Compressed Oops mode: Non-zero based:0x000000067ffff000, Oop shift amount: 3
Narrow klass base: 0x0000000000000000, Narrow klass shift: 0

GC Heap History (0 events):
No events

Deoptimization events (0 events):
No events

Classes redefined (0 events):
No events

Internal exceptions (0 events):
No events

Events (0 events):
No events


Dynamic libraries:
00400000-00401000 r-xp 00000000 08:01 259301                             /usr/lib/jvm/adoptopenjdk-8-hotspot-amd64/bin/java
00600000-00601000 r--p 00000000 08:01 259301                             /usr/lib/jvm/adoptopenjdk-8-hotspot-amd64/bin/java
00601000-00602000 rw-p 00001000 08:01 259301                             /usr/lib/jvm/adoptopenjdk-8-hotspot-amd64/bin/java
0182b000-0184c000 rw-p 00000000 00:00 0                                  [heap]
7f3584000000-7f3584021000 rw-p 00000000 00:00 0 
7f3584021000-7f3588000000 ---p 00000000 00:00 0 
7f358c000000-7f358e000000 rw-p 00000000 00:00 0 
7f358e000000-7f3598000000 ---p 00000000 00:00 0 
7f3598000000-7f3598021000 rw-p 00000000 00:00 0 
7f3598021000-7f359c000000 ---p 00000000 00:00 0 
7f359c000000-7f359c021000 rw-p 00000000 00:00 0 
7f359c021000-7f35a0000000 ---p 00000000 00:00 0 
7f35a0000000-7f35a0021000 rw-p 00000000 00:00 0 
7f35a0021000-7f35a4000000 ---p 00000000 00:00 0 
7f35a4000000-7f35a4021000 rw-p 00000000 00:00 0 
7f35a4021000-7f35a8000000 ---p 00000000 00:00 0 
7f35a8000000-7f35a8021000 rw-p 00000000 00:00 0 
7f35a8021000-7f35ac000000 ---p 00000000 00:00 0 
7f35ac2eb000-7f35ac2ec000 ---p 00000000 00:00 0 
7f35ac2ec000-7f35ac3ec000 rw-p 00000000 00:00 0 
7f35accae000-7f35ad2bb000 rw-p 00000000 00:00 0 
7f35ad2bb000-7f35ad2bc000 ---p 00000000 00:00 0 
7f35ad2bc000-7f35ad3bc000 rw-p 00000000 00:00 0 
7f35ad3bc000-7f35ad3bd000 ---p 00000000 00:00 0 
7f35ad3bd000-7f35ad5fe000 rw-p 00000000 00:00 0 
7f35ad5fe000-7f35afdfe000 ---p 00000000 00:00 0 
7f35afdfe000-7f35afdff000 ---p 00000000 00:00 0 
7f35afdff000-7f35afeff000 rw-p 00000000 00:00 0 
7f35afeff000-7f35aff00000 ---p 00000000 00:00 0 
7f35aff00000-7f35b0000000 rw-p 00000000 00:00 0 
7f35b0000000-7f35b0021000 rw-p 00000000 00:00 0 
7f35b0021000-7f35b4000000 ---p 00000000 00:00 0 
7f35b40e9000-7f35b40ea000 ---p 00000000 00:00 0 
7f35b40ea000-7f35b43f6000 rw-p 00000000 00:00 0 
7f35b43f6000-7f35b47ac000 ---p 00000000 00:00 0 
7f35b47ac000-7f35b4a1c000 rwxp 00000000 00:00 0 
7f35b4a1c000-7f35c37ac000 ---p 00000000 00:00 0 
7f35c37ac000-7f35c37c7000 r-xp 00000000 08:01 258770                     /usr/lib/jvm/adoptopenjdk-8-hotspot-amd64/jre/lib/amd64/libzip.so
7f35c37c7000-7f35c39c6000 ---p 0001b000 08:01 258770                     /usr/lib/jvm/adoptopenjdk-8-hotspot-amd64/jre/lib/amd64/libzip.so
7f35c39c6000-7f35c39c7000 r--p 0001a000 08:01 258770                     /usr/lib/jvm/adoptopenjdk-8-hotspot-amd64/jre/lib/amd64/libzip.so
7f35c39c7000-7f35c39c8000 rw-p 0001b000 08:01 258770                     /usr/lib/jvm/adoptopenjdk-8-hotspot-amd64/jre/lib/amd64/libzip.so
7f35c39c8000-7f35c39d3000 r-xp 00000000 08:01 2094                       /lib/x86_64-linux-gnu/libnss_files-2.27.so
7f35c39d3000-7f35c3bd2000 ---p 0000b000 08:01 2094                       /lib/x86_64-linux-gnu/libnss_files-2.27.so
7f35c3bd2000-7f35c3bd3000 r--p 0000a000 08:01 2094                       /lib/x86_64-linux-gnu/libnss_files-2.27.so
7f35c3bd3000-7f35c3bd4000 rw-p 0000b000 08:01 2094                       /lib/x86_64-linux-gnu/libnss_files-2.27.so
7f35c3bd4000-7f35c3bda000 rw-p 00000000 00:00 0 
7f35c3bda000-7f35c3bf1000 r-xp 00000000 08:01 2091                       /lib/x86_64-linux-gnu/libnsl-2.27.so
7f35c3bf1000-7f35c3df0000 ---p 00017000 08:01 2091                       /lib/x86_64-linux-gnu/libnsl-2.27.so
7f35c3df0000-7f35c3df1000 r--p 00016000 08:01 2091                       /lib/x86_64-linux-gnu/libnsl-2.27.so
7f35c3df1000-7f35c3df2000 rw-p 00017000 08:01 2091                       /lib/x86_64-linux-gnu/libnsl-2.27.so
7f35c3df2000-7f35c3df4000 rw-p 00000000 00:00 0 
7f35c3df4000-7f35c3dff000 r-xp 00000000 08:01 2096                       /lib/x86_64-linux-gnu/libnss_nis-2.27.so
7f35c3dff000-7f35c3ffe000 ---p 0000b000 08:01 2096                       /lib/x86_64-linux-gnu/libnss_nis-2.27.so
7f35c3ffe000-7f35c3fff000 r--p 0000a000 08:01 2096                       /lib/x86_64-linux-gnu/libnss_nis-2.27.so
7f35c3fff000-7f35c4000000 rw-p 0000b000 08:01 2096                       /lib/x86_64-linux-gnu/libnss_nis-2.27.so
7f35c4000000-7f35c408d000 rw-p 00000000 00:00 0 
7f35c408d000-7f35c8000000 ---p 00000000 00:00 0 
7f35c80a7000-7f35c80a8000 ---p 00000000 00:00 0 
7f35c80a8000-7f35c81a8000 rw-p 00000000 00:00 0 
7f35c81a8000-7f35c81b0000 r-xp 00000000 08:01 2092                       /lib/x86_64-linux-gnu/libnss_compat-2.27.so
7f35c81b0000-7f35c83b0000 ---p 00008000 08:01 2092                       /lib/x86_64-linux-gnu/libnss_compat-2.27.so
7f35c83b0000-7f35c83b1000 r--p 00008000 08:01 2092                       /lib/x86_64-linux-gnu/libnss_compat-2.27.so
7f35c83b1000-7f35c83b2000 rw-p 00009000 08:01 2092                       /lib/x86_64-linux-gnu/libnss_compat-2.27.so
7f35c83b2000-7f35c83db000 r-xp 00000000 08:01 258806                     /usr/lib/jvm/adoptopenjdk-8-hotspot-amd64/jre/lib/amd64/libjava.so
7f35c83db000-7f35c85da000 ---p 00029000 08:01 258806                     /usr/lib/jvm/adoptopenjdk-8-hotspot-amd64/jre/lib/amd64/libjava.so
7f35c85da000-7f35c85db000 r--p 00028000 08:01 258806                     /usr/lib/jvm/adoptopenjdk-8-hotspot-amd64/jre/lib/amd64/libjava.so
7f35c85db000-7f35c85dd000 rw-p 00029000 08:01 258806                     /usr/lib/jvm/adoptopenjdk-8-hotspot-amd64/jre/lib/amd64/libjava.so
7f35c85dd000-7f35c85ed000 r-xp 00000000 08:01 258776                     /usr/lib/jvm/adoptopenjdk-8-hotspot-amd64/jre/lib/amd64/libverify.so
7f35c85ed000-7f35c87ec000 ---p 00010000 08:01 258776                     /usr/lib/jvm/adoptopenjdk-8-hotspot-amd64/jre/lib/amd64/libverify.so
7f35c87ec000-7f35c87ee000 r--p 0000f000 08:01 258776                     /usr/lib/jvm/adoptopenjdk-8-hotspot-amd64/jre/lib/amd64/libverify.so
7f35c87ee000-7f35c87ef000 rw-p 00011000 08:01 258776                     /usr/lib/jvm/adoptopenjdk-8-hotspot-amd64/jre/lib/amd64/libverify.so
7f35c87ef000-7f35c87f6000 r-xp 00000000 08:01 2181                       /lib/x86_64-linux-gnu/librt-2.27.so
7f35c87f6000-7f35c89f5000 ---p 00007000 08:01 2181                       /lib/x86_64-linux-gnu/librt-2.27.so
7f35c89f5000-7f35c89f6000 r--p 00006000 08:01 2181                       /lib/x86_64-linux-gnu/librt-2.27.so
7f35c89f6000-7f35c89f7000 rw-p 00007000 08:01 2181                       /lib/x86_64-linux-gnu/librt-2.27.so
7f35c89f7000-7f35c8b94000 r-xp 00000000 08:01 2088                       /lib/x86_64-linux-gnu/libm-2.27.so
7f35c8b94000-7f35c8d93000 ---p 0019d000 08:01 2088                       /lib/x86_64-linux-gnu/libm-2.27.so
7f35c8d93000-7f35c8d94000 r--p 0019c000 08:01 2088                       /lib/x86_64-linux-gnu/libm-2.27.so
7f35c8d94000-7f35c8d95000 rw-p 0019d000 08:01 2088                       /lib/x86_64-linux-gnu/libm-2.27.so
7f35c8d95000-7f35c99a5000 r-xp 00000000 08:01 258787                     /usr/lib/jvm/adoptopenjdk-8-hotspot-amd64/jre/lib/amd64/server/libjvm.so
7f35c99a5000-7f35c9ba4000 ---p 00c10000 08:01 258787                     /usr/lib/jvm/adoptopenjdk-8-hotspot-amd64/jre/lib/amd64/server/libjvm.so
7f35c9ba4000-7f35c9c45000 r--p 00c0f000 08:01 258787                     /usr/lib/jvm/adoptopenjdk-8-hotspot-amd64/jre/lib/amd64/server/libjvm.so
7f35c9c45000-7f35c9c6e000 rw-p 00cb0000 08:01 258787                     /usr/lib/jvm/adoptopenjdk-8-hotspot-amd64/jre/lib/amd64/server/libjvm.so
7f35c9c6e000-7f35c9cb2000 rw-p 00000000 00:00 0 
7f35c9cb2000-7f35c9e99000 r-xp 00000000 08:01 2084                       /lib/x86_64-linux-gnu/libc-2.27.so
7f35c9e99000-7f35ca099000 ---p 001e7000 08:01 2084                       /lib/x86_64-linux-gnu/libc-2.27.so
7f35ca099000-7f35ca09d000 r--p 001e7000 08:01 2084                       /lib/x86_64-linux-gnu/libc-2.27.so
7f35ca09d000-7f35ca09f000 rw-p 001eb000 08:01 2084                       /lib/x86_64-linux-gnu/libc-2.27.so
7f35ca09f000-7f35ca0a3000 rw-p 00000000 00:00 0 
7f35ca0a3000-7f35ca0a6000 r-xp 00000000 08:01 2087                       /lib/x86_64-linux-gnu/libdl-2.27.so
7f35ca0a6000-7f35ca2a5000 ---p 00003000 08:01 2087                       /lib/x86_64-linux-gnu/libdl-2.27.so
7f35ca2a5000-7f35ca2a6000 r--p 00002000 08:01 2087                       /lib/x86_64-linux-gnu/libdl-2.27.so
7f35ca2a6000-7f35ca2a7000 rw-p 00003000 08:01 2087                       /lib/x86_64-linux-gnu/libdl-2.27.so
7f35ca2a7000-7f35ca2bd000 r-xp 00000000 08:01 259274                     /usr/lib/jvm/adoptopenjdk-8-hotspot-amd64/lib/amd64/jli/libjli.so
7f35ca2bd000-7f35ca4bc000 ---p 00016000 08:01 259274                     /usr/lib/jvm/adoptopenjdk-8-hotspot-amd64/lib/amd64/jli/libjli.so
7f35ca4bc000-7f35ca4bd000 r--p 00015000 08:01 259274                     /usr/lib/jvm/adoptopenjdk-8-hotspot-amd64/lib/amd64/jli/libjli.so
7f35ca4bd000-7f35ca4be000 rw-p 00016000 08:01 259274                     /usr/lib/jvm/adoptopenjdk-8-hotspot-amd64/lib/amd64/jli/libjli.so
7f35ca4be000-7f35ca4d8000 r-xp 00000000 08:01 2179                       /lib/x86_64-linux-gnu/libpthread-2.27.so
7f35ca4d8000-7f35ca6d7000 ---p 0001a000 08:01 2179                       /lib/x86_64-linux-gnu/libpthread-2.27.so
7f35ca6d7000-7f35ca6d8000 r--p 00019000 08:01 2179                       /lib/x86_64-linux-gnu/libpthread-2.27.so
7f35ca6d8000-7f35ca6d9000 rw-p 0001a000 08:01 2179                       /lib/x86_64-linux-gnu/libpthread-2.27.so
7f35ca6d9000-7f35ca6dd000 rw-p 00000000 00:00 0 
7f35ca6dd000-7f35ca704000 r-xp 00000000 08:01 2080                       /lib/x86_64-linux-gnu/ld-2.27.so
7f35ca709000-7f35ca7f1000 rw-p 00000000 00:00 0 
7f35ca7f1000-7f35ca7f9000 rw-s 00000000 08:01 774444                     /tmp/hsperfdata_ethanaldrich9986/2287
7f35ca7f9000-7f35ca7fa000 ---p 00000000 00:00 0 
7f35ca7fa000-7f35ca7fd000 ---p 00000000 00:00 0 
7f35ca7fd000-7f35ca8fc000 rw-p 00000000 00:00 0 
7f35ca900000-7f35ca901000 rw-p 00000000 00:00 0 
7f35ca901000-7f35ca902000 r--p 00000000 00:00 0 
7f35ca902000-7f35ca904000 rw-p 00000000 00:00 0 
7f35ca904000-7f35ca905000 r--p 00027000 08:01 2080                       /lib/x86_64-linux-gnu/ld-2.27.so
7f35ca905000-7f35ca906000 rw-p 00028000 08:01 2080                       /lib/x86_64-linux-gnu/ld-2.27.so
7f35ca906000-7f35ca907000 rw-p 00000000 00:00 0 
7fff5fbd9000-7fff5fbfa000 rw-p 00000000 00:00 0                          [stack]
7fff5fbfc000-7fff5fbff000 r--p 00000000 00:00 0                          [vvar]
7fff5fbff000-7fff5fc00000 r-xp 00000000 00:00 0                          [vdso]
ffffffffff600000-ffffffffff601000 r-xp 00000000 00:00 0                  [vsyscall]

VM Arguments:
jvm_args: -Xms5G -Xmx5G -XX:+UseG1GC -XX:+UnlockExperimentalVMOptions -XX:MaxGCPauseMillis=100 -XX:+DisableExplicitGC -XX:TargetSurvivorRatio=90 -XX:G1NewSizePercent=50 -XX:G1MaxNewSizePercent=80 -XX:G1MixedGCLiveThresholdPercent=35 -XX:+AlwaysPreTouch -XX:+ParallelRefProcEnabled 
java_command: server.jar
java_class_path (initial): server.jar
Launcher Type: SUN_STANDARD

Environment Variables:
PATH=/usr/local/sbin:/usr/local/bin:/usr/sbin:/usr/bin:/sbin:/bin:/usr/games:/usr/local/games:/snap/bin
SHELL=/bin/bash

Signal Handlers:
SIGSEGV: [libjvm.so+0x9fc0d0], sa_mask[0]=11111111011111111101111111111110, sa_flags=SA_RESTART|SA_SIGINFO
SIGBUS: [libjvm.so+0x9fc0d0], sa_mask[0]=11111111011111111101111111111110, sa_flags=SA_RESTART|SA_SIGINFO
SIGFPE: [libjvm.so+0x85d360], sa_mask[0]=11111111011111111101111111111110, sa_flags=SA_RESTART|SA_SIGINFO
SIGPIPE: [libjvm.so+0x85d360], sa_mask[0]=11111111011111111101111111111110, sa_flags=SA_RESTART|SA_SIGINFO
SIGXFSZ: [libjvm.so+0x85d360], sa_mask[0]=11111111011111111101111111111110, sa_flags=SA_RESTART|SA_SIGINFO
SIGILL: [libjvm.so+0x85d360], sa_mask[0]=11111111011111111101111111111110, sa_flags=SA_RESTART|SA_SIGINFO
SIGUSR1: SIG_DFL, sa_mask[0]=00000000000000000000000000000000, sa_flags=none
SIGUSR2: [libjvm.so+0x85d230], sa_mask[0]=00000000000000000000000000000000, sa_flags=SA_RESTART|SA_SIGINFO
SIGHUP: SIG_DFL, sa_mask[0]=00000000000000000000000000000000, sa_flags=none
SIGINT: SIG_DFL, sa_mask[0]=00000000000000000000000000000000, sa_flags=none
SIGTERM: SIG_DFL, sa_mask[0]=00000000000000000000000000000000, sa_flags=none
SIGQUIT: SIG_DFL, sa_mask[0]=00000000000000000000000000000000, sa_flags=none


---------------  S Y S T E M  ---------------

OS:DISTRIB_ID=Ubuntu
DISTRIB_RELEASE=18.04
DISTRIB_CODENAME=bionic
DISTRIB_DESCRIPTION="Ubuntu 18.04.4 LTS"

uname:Linux 5.0.0-1031-gcp #32-Ubuntu SMP Tue Feb 11 03:55:48 UTC 2020 x86_64
libc:glibc 2.27 NPTL 2.27 
rlimit: STACK 8192k, CORE 0k, NPROC 29767, NOFILE 1048576, AS infinity
load average:0.18 0.09 0.19

/proc/meminfo:
MemTotal:        7648908 kB
MemFree:          280260 kB
MemAvailable:    1056524 kB
Buffers:           30944 kB
Cached:           942928 kB
SwapCached:            0 kB
Active:          6752076 kB
Inactive:         435240 kB
Active(anon):    6214168 kB
Inactive(anon):      176 kB
Active(file):     537908 kB
Inactive(file):   435064 kB
Unevictable:           0 kB
Mlocked:               0 kB
SwapTotal:             0 kB
SwapFree:              0 kB
Dirty:             83156 kB
Writeback:             0 kB
AnonPages:       6213508 kB
Mapped:            74860 kB
Shmem:               896 kB
KReclaimable:      45116 kB
Slab:              85028 kB
SReclaimable:      45116 kB
SUnreclaim:        39912 kB
KernelStack:        2908 kB
PageTables:        17248 kB
NFS_Unstable:          0 kB
Bounce:                0 kB
WritebackTmp:          0 kB
CommitLimit:     3824452 kB
Committed_AS:    6199232 kB
VmallocTotal:   34359738367 kB
VmallocUsed:           0 kB
VmallocChunk:          0 kB
Percpu:              824 kB
HardwareCorrupted:     0 kB
AnonHugePages:         0 kB
ShmemHugePages:        0 kB
ShmemPmdMapped:        0 kB
CmaTotal:              0 kB
CmaFree:               0 kB
HugePages_Total:       0
HugePages_Free:        0
HugePages_Rsvd:        0
HugePages_Surp:        0
Hugepagesize:       2048 kB
Hugetlb:               0 kB
DirectMap4k:       85180 kB
DirectMap2M:     3584000 kB
DirectMap1G:     4194304 kB

container (cgroup) information:
container_type: cgroupv1
cpu_cpuset_cpus: 0-1
cpu_memory_nodes: 0
active_processor_count: 2
cpu_quota: -1
cpu_period: 100000
cpu_shares: -1
memory_limit_in_bytes: -1
memory_and_swap_limit_in_bytes: -2
memory_soft_limit_in_bytes: -1
memory_usage_in_bytes: 7078633472
memory_max_usage_in_bytes: 7132086272


CPU:total 2 (initial active 2) (1 cores per cpu, 2 threads per core) family 6 model 85 stepping 3, cmov, cx8, fxsr, mmx, sse, sse2, sse3, ssse3, sse4.1, sse4.2, popcnt, avx, avx2, aes, clmul, erms, rtm, 3dnowpref, lzcnt, ht, tsc, tscinvbit, bmi1, bmi2, adx

/proc/cpuinfo:
processor	: 0
vendor_id	: GenuineIntel
cpu family	: 6
model		: 85
model name	: Intel(R) Xeon(R) CPU @ 2.00GHz
stepping	: 3
microcode	: 0x1
cpu MHz		: 2000.118
cache size	: 39424 KB
physical id	: 0
siblings	: 2
core id		: 0
cpu cores	: 1
apicid		: 0
initial apicid	: 0
fpu		: yes
fpu_exception	: yes
cpuid level	: 13
wp		: yes
flags		: fpu vme de pse tsc msr pae mce cx8 apic sep mtrr pge mca cmov pat pse36 clflush mmx fxsr sse sse2 ss ht syscall nx pdpe1gb rdtscp lm constant_tsc rep_good nopl xtopology nonstop_tsc cpuid tsc_known_freq pni pclmulqdq ssse3 fma cx16 pcid sse4_1 sse4_2 x2apic movbe popcnt aes xsave avx f16c rdrand hypervisor lahf_lm abm 3dnowprefetch invpcid_single pti ssbd ibrs ibpb stibp fsgsbase tsc_adjust bmi1 hle avx2 smep bmi2 erms invpcid rtm mpx avx512f avx512dq rdseed adx smap clflushopt clwb avx512cd avx512bw avx512vl xsaveopt xsavec xgetbv1 xsaves arat md_clear arch_capabilities
bugs		: cpu_meltdown spectre_v1 spectre_v2 spec_store_bypass l1tf mds swapgs taa itlb_multihit
bogomips	: 4000.23
clflush size	: 64
cache_alignment	: 64
address sizes	: 46 bits physical, 48 bits virtual
power management:

processor	: 1
vendor_id	: GenuineIntel
cpu family	: 6
model		: 85
model name	: Intel(R) Xeon(R) CPU @ 2.00GHz
stepping	: 3
microcode	: 0x1
cpu MHz		: 2000.118
cache size	: 39424 KB
physical id	: 0
siblings	: 2
core id		: 0
cpu cores	: 1
apicid		: 1
initial apicid	: 1
fpu		: yes
fpu_exception	: yes
cpuid level	: 13
wp		: yes
flags		: fpu vme de pse tsc msr pae mce cx8 apic sep mtrr pge mca cmov pat pse36 clflush mmx fxsr sse sse2 ss ht syscall nx pdpe1gb rdtscp lm constant_tsc rep_good nopl xtopology nonstop_tsc cpuid tsc_known_freq pni pclmulqdq ssse3 fma cx16 pcid sse4_1 sse4_2 x2apic movbe popcnt aes xsave avx f16c rdrand hypervisor lahf_lm abm 3dnowprefetch invpcid_single pti ssbd ibrs ibpb stibp fsgsbase tsc_adjust bmi1 hle avx2 smep bmi2 erms invpcid rtm mpx avx512f avx512dq rdseed adx smap clflushopt clwb avx512cd avx512bw avx512vl xsaveopt xsavec xgetbv1 xsaves arat md_clear arch_capabilities
bugs		: cpu_meltdown spectre_v1 spectre_v2 spec_store_bypass l1tf mds swapgs taa itlb_multihit
bogomips	: 4000.23
clflush size	: 64
cache_alignment	: 64
address sizes	: 46 bits physical, 48 bits virtual
power management:



Memory: 4k page, physical 7648908k(280260k free), swap 0k(0k free)

vm_info: OpenJDK 64-Bit Server VM (25.242-b08) for linux-amd64 JRE (1.8.0_242-b08), built on Jan 19 2020 14:47:27 by "jenkins" with gcc 4.8.2 20140120 (Red Hat 4.8.2-15)

time: Mon Mar 16 04:47:38 2020
timezone: UTC
elapsed time: 0 seconds (0d 0h 0m 0s)

