#
# There is insufficient memory for the Java Runtime Environment to continue.
# Native memory allocation (mmap) failed to map 5368709120 bytes for committing reserved memory.
# Possible reasons:
#   The system is out of physical RAM or swap space
#   The process is running with CompressedOops enabled, and the Java Heap may be blocking the growth of the native heap
# Possible solutions:
#   Reduce memory load on the system
#   Increase physical memory or swap space
#   Check if swap backing store is full
#   Decrease Java heap size (-Xmx/-Xms)
#   Decrease number of Java threads
#   Decrease Java thread stack sizes (-Xss)
#   Set larger code cache with -XX:ReservedCodeCacheSize=
# This output file may be truncated or incomplete.
#
#  Out of Memory Error (os_linux.cpp:2754), pid=3884, tid=0x00007ff358caf700
#
# JRE version:  (8.0_242-b08) (build )
# Java VM: OpenJDK 64-Bit Server VM (25.242-b08 mixed mode linux-amd64 compressed oops)
# Failed to write core dump. Core dumps have been disabled. To enable core dumping, try "ulimit -c unlimited" before starting Java again
#

---------------  T H R E A D  ---------------

Current thread (0x00007ff35000c000):  JavaThread "Unknown thread" [_thread_in_vm, id=3885, stack(0x00007ff358bb0000,0x00007ff358cb0000)]

Stack: [0x00007ff358bb0000,0x00007ff358cb0000],  sp=0x00007ff358cae410,  free space=1017k
Native frames: (J=compiled Java code, j=interpreted, Vv=VM code, C=native code)
V  [libjvm.so+0x9fb5cd]  VMError::report_and_die()+0x15d
V  [libjvm.so+0x4c217a]  report_vm_out_of_memory(char const*, int, unsigned long, VMErrorType, char const*)+0x8a
V  [libjvm.so+0x861e07]  os::pd_commit_memory_or_exit(char*, unsigned long, unsigned long, bool, char const*)+0xe7
V  [libjvm.so+0x85988d]  os::commit_memory_or_exit(char*, unsigned long, unsigned long, bool, char const*)+0x1d
V  [libjvm.so+0x57d984]  G1PageBasedVirtualSpace::commit_internal(unsigned long, unsigned long)+0x224
V  [libjvm.so+0x57da84]  G1PageBasedVirtualSpace::commit(unsigned long, unsigned long)+0xf4
V  [libjvm.so+0x580048]  G1RegionsLargerThanCommitSizeMapper::commit_regions(unsigned int, unsigned long)+0x38
V  [libjvm.so+0x5d5f55]  HeapRegionManager::commit_regions(unsigned int, unsigned long)+0x75
V  [libjvm.so+0x5d601e]  HeapRegionManager::make_regions_available(unsigned int, unsigned int)+0x2e
V  [libjvm.so+0x5d669a]  HeapRegionManager::expand_by(unsigned int)+0x5a
V  [libjvm.so+0x5592fa]  G1CollectedHeap::expand(unsigned long)+0x17a
V  [libjvm.so+0x562e17]  G1CollectedHeap::initialize()+0x7d7
V  [libjvm.so+0x9c6c19]  Universe::initialize_heap()+0x189
V  [libjvm.so+0x9c6e13]  universe_init()+0x33
V  [libjvm.so+0x5ea1e5]  init_globals()+0x55
V  [libjvm.so+0x9aa454]  Threads::create_vm(JavaVMInitArgs*, bool*)+0x284
V  [libjvm.so+0x658191]  JNI_CreateJavaVM+0x51
C  [libjli.so+0x7998]  JavaMain+0x88
C  [libpthread.so.0+0x76db]  start_thread+0xdb


---------------  P R O C E S S  ---------------

Java Threads: ( => current thread )

Other Threads:

=>0x00007ff35000c000 (exited) JavaThread "Unknown thread" [_thread_in_vm, id=3885, stack(0x00007ff358bb0000,0x00007ff358cb0000)]

VM state:not at safepoint (not fully initialized)

VM Mutex/Monitor currently owned by a thread:  ([mutex/lock_event])
[0x00007ff350008ac0] Heap_lock - owner thread: 0x00007ff35000c000

heap address: 0x0000000680000000, size: 5120 MB, Compressed Oops mode: Non-zero based:0x000000067ffff000, Oop shift amount: 3
Narrow klass base: 0x0000000000000000, Narrow klass shift: 0

GC Heap History (0 events):
No events

Deoptimization events (0 events):
No events

Classes redefined (0 events):
No events

Internal exceptions (0 events):
No events

Events (0 events):
No events


Dynamic libraries:
00400000-00401000 r-xp 00000000 08:01 259301                             /usr/lib/jvm/adoptopenjdk-8-hotspot-amd64/bin/java
00600000-00601000 r--p 00000000 08:01 259301                             /usr/lib/jvm/adoptopenjdk-8-hotspot-amd64/bin/java
00601000-00602000 rw-p 00001000 08:01 259301                             /usr/lib/jvm/adoptopenjdk-8-hotspot-amd64/bin/java
01a09000-01a2a000 rw-p 00000000 00:00 0                                  [heap]
7ff314000000-7ff314021000 rw-p 00000000 00:00 0 
7ff314021000-7ff318000000 ---p 00000000 00:00 0 
7ff31a000000-7ff31c000000 rw-p 00000000 00:00 0 
7ff31c000000-7ff31c021000 rw-p 00000000 00:00 0 
7ff31c021000-7ff320000000 ---p 00000000 00:00 0 
7ff320c00000-7ff32c000000 ---p 00000000 00:00 0 
7ff32c000000-7ff32c021000 rw-p 00000000 00:00 0 
7ff32c021000-7ff330000000 ---p 00000000 00:00 0 
7ff330000000-7ff330021000 rw-p 00000000 00:00 0 
7ff330021000-7ff334000000 ---p 00000000 00:00 0 
7ff334000000-7ff334021000 rw-p 00000000 00:00 0 
7ff334021000-7ff338000000 ---p 00000000 00:00 0 
7ff338000000-7ff338021000 rw-p 00000000 00:00 0 
7ff338021000-7ff33c000000 ---p 00000000 00:00 0 
7ff33c000000-7ff33c021000 rw-p 00000000 00:00 0 
7ff33c021000-7ff340000000 ---p 00000000 00:00 0 
7ff340477000-7ff340600000 rw-p 00000000 00:00 0 
7ff340600000-7ff341000000 ---p 00000000 00:00 0 
7ff341000000-7ff341270000 rwxp 00000000 00:00 0 
7ff341270000-7ff350000000 ---p 00000000 00:00 0 
7ff350000000-7ff35008d000 rw-p 00000000 00:00 0 
7ff35008d000-7ff354000000 ---p 00000000 00:00 0 
7ff35407c000-7ff354500000 rw-p 00000000 00:00 0 
7ff354500000-7ff354501000 ---p 00000000 00:00 0 
7ff354501000-7ff354601000 rw-p 00000000 00:00 0 
7ff354601000-7ff354602000 ---p 00000000 00:00 0 
7ff354602000-7ff354843000 rw-p 00000000 00:00 0 
7ff354843000-7ff355243000 ---p 00000000 00:00 0 
7ff355243000-7ff355244000 ---p 00000000 00:00 0 
7ff355244000-7ff355344000 rw-p 00000000 00:00 0 
7ff355344000-7ff355345000 ---p 00000000 00:00 0 
7ff355345000-7ff355445000 rw-p 00000000 00:00 0 
7ff355445000-7ff355446000 ---p 00000000 00:00 0 
7ff355446000-7ff355748000 rw-p 00000000 00:00 0 
7ff355748000-7ff355749000 ---p 00000000 00:00 0 
7ff355749000-7ff355849000 rw-p 00000000 00:00 0 
7ff355849000-7ff35584a000 ---p 00000000 00:00 0 
7ff35584a000-7ff355954000 rw-p 00000000 00:00 0 
7ff355954000-7ff355d0a000 ---p 00000000 00:00 0 
7ff355d0a000-7ff355d25000 r-xp 00000000 08:01 258770                     /usr/lib/jvm/adoptopenjdk-8-hotspot-amd64/jre/lib/amd64/libzip.so
7ff355d25000-7ff355f24000 ---p 0001b000 08:01 258770                     /usr/lib/jvm/adoptopenjdk-8-hotspot-amd64/jre/lib/amd64/libzip.so
7ff355f24000-7ff355f25000 r--p 0001a000 08:01 258770                     /usr/lib/jvm/adoptopenjdk-8-hotspot-amd64/jre/lib/amd64/libzip.so
7ff355f25000-7ff355f26000 rw-p 0001b000 08:01 258770                     /usr/lib/jvm/adoptopenjdk-8-hotspot-amd64/jre/lib/amd64/libzip.so
7ff355f26000-7ff355f31000 r-xp 00000000 08:01 2094                       /lib/x86_64-linux-gnu/libnss_files-2.27.so
7ff355f31000-7ff356130000 ---p 0000b000 08:01 2094                       /lib/x86_64-linux-gnu/libnss_files-2.27.so
7ff356130000-7ff356131000 r--p 0000a000 08:01 2094                       /lib/x86_64-linux-gnu/libnss_files-2.27.so
7ff356131000-7ff356132000 rw-p 0000b000 08:01 2094                       /lib/x86_64-linux-gnu/libnss_files-2.27.so
7ff356132000-7ff356138000 rw-p 00000000 00:00 0 
7ff356138000-7ff35614f000 r-xp 00000000 08:01 2091                       /lib/x86_64-linux-gnu/libnsl-2.27.so
7ff35614f000-7ff35634e000 ---p 00017000 08:01 2091                       /lib/x86_64-linux-gnu/libnsl-2.27.so
7ff35634e000-7ff35634f000 r--p 00016000 08:01 2091                       /lib/x86_64-linux-gnu/libnsl-2.27.so
7ff35634f000-7ff356350000 rw-p 00017000 08:01 2091                       /lib/x86_64-linux-gnu/libnsl-2.27.so
7ff356350000-7ff356352000 rw-p 00000000 00:00 0 
7ff356352000-7ff35635d000 r-xp 00000000 08:01 2096                       /lib/x86_64-linux-gnu/libnss_nis-2.27.so
7ff35635d000-7ff35655c000 ---p 0000b000 08:01 2096                       /lib/x86_64-linux-gnu/libnss_nis-2.27.so
7ff35655c000-7ff35655d000 r--p 0000a000 08:01 2096                       /lib/x86_64-linux-gnu/libnss_nis-2.27.so
7ff35655d000-7ff35655e000 rw-p 0000b000 08:01 2096                       /lib/x86_64-linux-gnu/libnss_nis-2.27.so
7ff35655e000-7ff356566000 r-xp 00000000 08:01 2092                       /lib/x86_64-linux-gnu/libnss_compat-2.27.so
7ff356566000-7ff356766000 ---p 00008000 08:01 2092                       /lib/x86_64-linux-gnu/libnss_compat-2.27.so
7ff356766000-7ff356767000 r--p 00008000 08:01 2092                       /lib/x86_64-linux-gnu/libnss_compat-2.27.so
7ff356767000-7ff356768000 rw-p 00009000 08:01 2092                       /lib/x86_64-linux-gnu/libnss_compat-2.27.so
7ff356768000-7ff356791000 r-xp 00000000 08:01 258806                     /usr/lib/jvm/adoptopenjdk-8-hotspot-amd64/jre/lib/amd64/libjava.so
7ff356791000-7ff356990000 ---p 00029000 08:01 258806                     /usr/lib/jvm/adoptopenjdk-8-hotspot-amd64/jre/lib/amd64/libjava.so
7ff356990000-7ff356991000 r--p 00028000 08:01 258806                     /usr/lib/jvm/adoptopenjdk-8-hotspot-amd64/jre/lib/amd64/libjava.so
7ff356991000-7ff356993000 rw-p 00029000 08:01 258806                     /usr/lib/jvm/adoptopenjdk-8-hotspot-amd64/jre/lib/amd64/libjava.so
7ff356993000-7ff3569a3000 r-xp 00000000 08:01 258776                     /usr/lib/jvm/adoptopenjdk-8-hotspot-amd64/jre/lib/amd64/libverify.so
7ff3569a3000-7ff356ba2000 ---p 00010000 08:01 258776                     /usr/lib/jvm/adoptopenjdk-8-hotspot-amd64/jre/lib/amd64/libverify.so
7ff356ba2000-7ff356ba4000 r--p 0000f000 08:01 258776                     /usr/lib/jvm/adoptopenjdk-8-hotspot-amd64/jre/lib/amd64/libverify.so
7ff356ba4000-7ff356ba5000 rw-p 00011000 08:01 258776                     /usr/lib/jvm/adoptopenjdk-8-hotspot-amd64/jre/lib/amd64/libverify.so
7ff356ba5000-7ff356bac000 r-xp 00000000 08:01 2181                       /lib/x86_64-linux-gnu/librt-2.27.so
7ff356bac000-7ff356dab000 ---p 00007000 08:01 2181                       /lib/x86_64-linux-gnu/librt-2.27.so
7ff356dab000-7ff356dac000 r--p 00006000 08:01 2181                       /lib/x86_64-linux-gnu/librt-2.27.so
7ff356dac000-7ff356dad000 rw-p 00007000 08:01 2181                       /lib/x86_64-linux-gnu/librt-2.27.so
7ff356dad000-7ff356f4a000 r-xp 00000000 08:01 2088                       /lib/x86_64-linux-gnu/libm-2.27.so
7ff356f4a000-7ff357149000 ---p 0019d000 08:01 2088                       /lib/x86_64-linux-gnu/libm-2.27.so
7ff357149000-7ff35714a000 r--p 0019c000 08:01 2088                       /lib/x86_64-linux-gnu/libm-2.27.so
7ff35714a000-7ff35714b000 rw-p 0019d000 08:01 2088                       /lib/x86_64-linux-gnu/libm-2.27.so
7ff35714b000-7ff357d5b000 r-xp 00000000 08:01 258787                     /usr/lib/jvm/adoptopenjdk-8-hotspot-amd64/jre/lib/amd64/server/libjvm.so
7ff357d5b000-7ff357f5a000 ---p 00c10000 08:01 258787                     /usr/lib/jvm/adoptopenjdk-8-hotspot-amd64/jre/lib/amd64/server/libjvm.so
7ff357f5a000-7ff357ffb000 r--p 00c0f000 08:01 258787                     /usr/lib/jvm/adoptopenjdk-8-hotspot-amd64/jre/lib/amd64/server/libjvm.so
7ff357ffb000-7ff358024000 rw-p 00cb0000 08:01 258787                     /usr/lib/jvm/adoptopenjdk-8-hotspot-amd64/jre/lib/amd64/server/libjvm.so
7ff358024000-7ff358068000 rw-p 00000000 00:00 0 
7ff358068000-7ff35824f000 r-xp 00000000 08:01 2084                       /lib/x86_64-linux-gnu/libc-2.27.so
7ff35824f000-7ff35844f000 ---p 001e7000 08:01 2084                       /lib/x86_64-linux-gnu/libc-2.27.so
7ff35844f000-7ff358453000 r--p 001e7000 08:01 2084                       /lib/x86_64-linux-gnu/libc-2.27.so
7ff358453000-7ff358455000 rw-p 001eb000 08:01 2084                       /lib/x86_64-linux-gnu/libc-2.27.so
7ff358455000-7ff358459000 rw-p 00000000 00:00 0 
7ff358459000-7ff35845c000 r-xp 00000000 08:01 2087                       /lib/x86_64-linux-gnu/libdl-2.27.so
7ff35845c000-7ff35865b000 ---p 00003000 08:01 2087                       /lib/x86_64-linux-gnu/libdl-2.27.so
7ff35865b000-7ff35865c000 r--p 00002000 08:01 2087                       /lib/x86_64-linux-gnu/libdl-2.27.so
7ff35865c000-7ff35865d000 rw-p 00003000 08:01 2087                       /lib/x86_64-linux-gnu/libdl-2.27.so
7ff35865d000-7ff358673000 r-xp 00000000 08:01 259274                     /usr/lib/jvm/adoptopenjdk-8-hotspot-amd64/lib/amd64/jli/libjli.so
7ff358673000-7ff358872000 ---p 00016000 08:01 259274                     /usr/lib/jvm/adoptopenjdk-8-hotspot-amd64/lib/amd64/jli/libjli.so
7ff358872000-7ff358873000 r--p 00015000 08:01 259274                     /usr/lib/jvm/adoptopenjdk-8-hotspot-amd64/lib/amd64/jli/libjli.so
7ff358873000-7ff358874000 rw-p 00016000 08:01 259274                     /usr/lib/jvm/adoptopenjdk-8-hotspot-amd64/lib/amd64/jli/libjli.so
7ff358874000-7ff35888e000 r-xp 00000000 08:01 2179                       /lib/x86_64-linux-gnu/libpthread-2.27.so
7ff35888e000-7ff358a8d000 ---p 0001a000 08:01 2179                       /lib/x86_64-linux-gnu/libpthread-2.27.so
7ff358a8d000-7ff358a8e000 r--p 00019000 08:01 2179                       /lib/x86_64-linux-gnu/libpthread-2.27.so
7ff358a8e000-7ff358a8f000 rw-p 0001a000 08:01 2179                       /lib/x86_64-linux-gnu/libpthread-2.27.so
7ff358a8f000-7ff358a93000 rw-p 00000000 00:00 0 
7ff358a93000-7ff358aba000 r-xp 00000000 08:01 2080                       /lib/x86_64-linux-gnu/ld-2.27.so
7ff358abf000-7ff358ba7000 rw-p 00000000 00:00 0 
7ff358ba7000-7ff358baf000 rw-s 00000000 08:01 565967                     /tmp/hsperfdata_ethanaldrich9986/3884
7ff358baf000-7ff358bb0000 ---p 00000000 00:00 0 
7ff358bb0000-7ff358bb3000 ---p 00000000 00:00 0 
7ff358bb3000-7ff358cb2000 rw-p 00000000 00:00 0 
7ff358cb6000-7ff358cb7000 rw-p 00000000 00:00 0 
7ff358cb7000-7ff358cb8000 r--p 00000000 00:00 0 
7ff358cb8000-7ff358cba000 rw-p 00000000 00:00 0 
7ff358cba000-7ff358cbb000 r--p 00027000 08:01 2080                       /lib/x86_64-linux-gnu/ld-2.27.so
7ff358cbb000-7ff358cbc000 rw-p 00028000 08:01 2080                       /lib/x86_64-linux-gnu/ld-2.27.so
7ff358cbc000-7ff358cbd000 rw-p 00000000 00:00 0 
7fff3ac66000-7fff3ac87000 rw-p 00000000 00:00 0                          [stack]
7fff3ad96000-7fff3ad99000 r--p 00000000 00:00 0                          [vvar]
7fff3ad99000-7fff3ad9a000 r-xp 00000000 00:00 0                          [vdso]
ffffffffff600000-ffffffffff601000 r-xp 00000000 00:00 0                  [vsyscall]

VM Arguments:
jvm_args: -Xms5G -Xmx5G -XX:+UseG1GC -XX:+UnlockExperimentalVMOptions -XX:MaxGCPauseMillis=100 -XX:+DisableExplicitGC -XX:TargetSurvivorRatio=90 -XX:G1NewSizePercent=50 -XX:G1MaxNewSizePercent=80 -XX:G1MixedGCLiveThresholdPercent=35 -XX:+AlwaysPreTouch -XX:+ParallelRefProcEnabled 
java_command: server.jar
java_class_path (initial): server.jar
Launcher Type: SUN_STANDARD

Environment Variables:
PATH=/usr/local/sbin:/usr/local/bin:/usr/sbin:/usr/bin:/sbin:/bin:/usr/games:/usr/local/games:/snap/bin
SHELL=/bin/bash

Signal Handlers:
SIGSEGV: [libjvm.so+0x9fc0d0], sa_mask[0]=11111111011111111101111111111110, sa_flags=SA_RESTART|SA_SIGINFO
SIGBUS: [libjvm.so+0x9fc0d0], sa_mask[0]=11111111011111111101111111111110, sa_flags=SA_RESTART|SA_SIGINFO
SIGFPE: [libjvm.so+0x85d360], sa_mask[0]=11111111011111111101111111111110, sa_flags=SA_RESTART|SA_SIGINFO
SIGPIPE: [libjvm.so+0x85d360], sa_mask[0]=11111111011111111101111111111110, sa_flags=SA_RESTART|SA_SIGINFO
SIGXFSZ: [libjvm.so+0x85d360], sa_mask[0]=11111111011111111101111111111110, sa_flags=SA_RESTART|SA_SIGINFO
SIGILL: [libjvm.so+0x85d360], sa_mask[0]=11111111011111111101111111111110, sa_flags=SA_RESTART|SA_SIGINFO
SIGUSR1: SIG_DFL, sa_mask[0]=00000000000000000000000000000000, sa_flags=none
SIGUSR2: [libjvm.so+0x85d230], sa_mask[0]=00000000000000000000000000000000, sa_flags=SA_RESTART|SA_SIGINFO
SIGHUP: SIG_DFL, sa_mask[0]=00000000000000000000000000000000, sa_flags=none
SIGINT: SIG_DFL, sa_mask[0]=00000000000000000000000000000000, sa_flags=none
SIGTERM: SIG_DFL, sa_mask[0]=00000000000000000000000000000000, sa_flags=none
SIGQUIT: SIG_DFL, sa_mask[0]=00000000000000000000000000000000, sa_flags=none


---------------  S Y S T E M  ---------------

OS:DISTRIB_ID=Ubuntu
DISTRIB_RELEASE=18.04
DISTRIB_CODENAME=bionic
DISTRIB_DESCRIPTION="Ubuntu 18.04.4 LTS"

uname:Linux 5.0.0-1031-gcp #32-Ubuntu SMP Tue Feb 11 03:55:48 UTC 2020 x86_64
libc:glibc 2.27 NPTL 2.27 
rlimit: STACK 8192k, CORE 0k, NPROC 29767, NOFILE 1048576, AS infinity
load average:0.25 0.51 0.44

/proc/meminfo:
MemTotal:        7648892 kB
MemFree:          416804 kB
MemAvailable:    1479392 kB
Buffers:           35616 kB
Cached:          1218644 kB
SwapCached:            0 kB
Active:          6309112 kB
Inactive:         731376 kB
Active(anon):    5786952 kB
Inactive(anon):      188 kB
Active(file):     522160 kB
Inactive(file):   731188 kB
Unevictable:           0 kB
Mlocked:               0 kB
SwapTotal:             0 kB
SwapFree:              0 kB
Dirty:              6980 kB
Writeback:             0 kB
AnonPages:       5786284 kB
Mapped:            74380 kB
Shmem:               916 kB
KReclaimable:      57272 kB
Slab:              98800 kB
SReclaimable:      57272 kB
SUnreclaim:        41528 kB
KernelStack:        2876 kB
PageTables:        16908 kB
NFS_Unstable:          0 kB
Bounce:                0 kB
WritebackTmp:          0 kB
CommitLimit:     3824444 kB
Committed_AS:    6121648 kB
VmallocTotal:   34359738367 kB
VmallocUsed:           0 kB
VmallocChunk:          0 kB
Percpu:              848 kB
HardwareCorrupted:     0 kB
AnonHugePages:         0 kB
ShmemHugePages:        0 kB
ShmemPmdMapped:        0 kB
CmaTotal:              0 kB
CmaFree:               0 kB
HugePages_Total:       0
HugePages_Free:        0
HugePages_Rsvd:        0
HugePages_Surp:        0
Hugepagesize:       2048 kB
Hugetlb:               0 kB
DirectMap4k:      115900 kB
DirectMap2M:     4601856 kB
DirectMap1G:     3145728 kB

container (cgroup) information:
container_type: cgroupv1
cpu_cpuset_cpus: 0-1
cpu_memory_nodes: 0
active_processor_count: 2
cpu_quota: -1
cpu_period: 100000
cpu_shares: -1
memory_limit_in_bytes: -1
memory_and_swap_limit_in_bytes: -2
memory_soft_limit_in_bytes: -1
memory_usage_in_bytes: 6951755776
memory_max_usage_in_bytes: 7264878592


CPU:total 2 (initial active 2) (1 cores per cpu, 2 threads per core) family 6 model 85 stepping 3, cmov, cx8, fxsr, mmx, sse, sse2, sse3, ssse3, sse4.1, sse4.2, popcnt, avx, avx2, aes, clmul, erms, rtm, 3dnowpref, lzcnt, ht, tsc, tscinvbit, bmi1, bmi2, adx

/proc/cpuinfo:
processor	: 0
vendor_id	: GenuineIntel
cpu family	: 6
model		: 85
model name	: Intel(R) Xeon(R) CPU @ 2.00GHz
stepping	: 3
microcode	: 0x1
cpu MHz		: 2000.126
cache size	: 39424 KB
physical id	: 0
siblings	: 2
core id		: 0
cpu cores	: 1
apicid		: 0
initial apicid	: 0
fpu		: yes
fpu_exception	: yes
cpuid level	: 13
wp		: yes
flags		: fpu vme de pse tsc msr pae mce cx8 apic sep mtrr pge mca cmov pat pse36 clflush mmx fxsr sse sse2 ss ht syscall nx pdpe1gb rdtscp lm constant_tsc rep_good nopl xtopology nonstop_tsc cpuid tsc_known_freq pni pclmulqdq ssse3 fma cx16 pcid sse4_1 sse4_2 x2apic movbe popcnt aes xsave avx f16c rdrand hypervisor lahf_lm abm 3dnowprefetch invpcid_single pti ssbd ibrs ibpb stibp fsgsbase tsc_adjust bmi1 hle avx2 smep bmi2 erms invpcid rtm mpx avx512f avx512dq rdseed adx smap clflushopt clwb avx512cd avx512bw avx512vl xsaveopt xsavec xgetbv1 xsaves arat md_clear arch_capabilities
bugs		: cpu_meltdown spectre_v1 spectre_v2 spec_store_bypass l1tf mds swapgs taa itlb_multihit
bogomips	: 4000.25
clflush size	: 64
cache_alignment	: 64
address sizes	: 46 bits physical, 48 bits virtual
power management:

processor	: 1
vendor_id	: GenuineIntel
cpu family	: 6
model		: 85
model name	: Intel(R) Xeon(R) CPU @ 2.00GHz
stepping	: 3
microcode	: 0x1
cpu MHz		: 2000.126
cache size	: 39424 KB
physical id	: 0
siblings	: 2
core id		: 0
cpu cores	: 1
apicid		: 1
initial apicid	: 1
fpu		: yes
fpu_exception	: yes
cpuid level	: 13
wp		: yes
flags		: fpu vme de pse tsc msr pae mce cx8 apic sep mtrr pge mca cmov pat pse36 clflush mmx fxsr sse sse2 ss ht syscall nx pdpe1gb rdtscp lm constant_tsc rep_good nopl xtopology nonstop_tsc cpuid tsc_known_freq pni pclmulqdq ssse3 fma cx16 pcid sse4_1 sse4_2 x2apic movbe popcnt aes xsave avx f16c rdrand hypervisor lahf_lm abm 3dnowprefetch invpcid_single pti ssbd ibrs ibpb stibp fsgsbase tsc_adjust bmi1 hle avx2 smep bmi2 erms invpcid rtm mpx avx512f avx512dq rdseed adx smap clflushopt clwb avx512cd avx512bw avx512vl xsaveopt xsavec xgetbv1 xsaves arat md_clear arch_capabilities
bugs		: cpu_meltdown spectre_v1 spectre_v2 spec_store_bypass l1tf mds swapgs taa itlb_multihit
bogomips	: 4000.25
clflush size	: 64
cache_alignment	: 64
address sizes	: 46 bits physical, 48 bits virtual
power management:



Memory: 4k page, physical 7648892k(416804k free), swap 0k(0k free)

vm_info: OpenJDK 64-Bit Server VM (25.242-b08) for linux-amd64 JRE (1.8.0_242-b08), built on Jan 19 2020 14:47:27 by "jenkins" with gcc 4.8.2 20140120 (Red Hat 4.8.2-15)

time: Mon Mar 16 04:19:22 2020
timezone: UTC
elapsed time: 0 seconds (0d 0h 0m 0s)

