#
# There is insufficient memory for the Java Runtime Environment to continue.
# Native memory allocation (mmap) failed to map 5368709120 bytes for committing reserved memory.
# Possible reasons:
#   The system is out of physical RAM or swap space
#   The process is running with CompressedOops enabled, and the Java Heap may be blocking the growth of the native heap
# Possible solutions:
#   Reduce memory load on the system
#   Increase physical memory or swap space
#   Check if swap backing store is full
#   Decrease Java heap size (-Xmx/-Xms)
#   Decrease number of Java threads
#   Decrease Java thread stack sizes (-Xss)
#   Set larger code cache with -XX:ReservedCodeCacheSize=
# This output file may be truncated or incomplete.
#
#  Out of Memory Error (os_linux.cpp:2754), pid=2104, tid=0x00007f1ba39be700
#
# JRE version:  (8.0_242-b08) (build )
# Java VM: OpenJDK 64-Bit Server VM (25.242-b08 mixed mode linux-amd64 compressed oops)
# Failed to write core dump. Core dumps have been disabled. To enable core dumping, try "ulimit -c unlimited" before starting Java again
#

---------------  T H R E A D  ---------------

Current thread (0x00007f1b9c00c000):  JavaThread "Unknown thread" [_thread_in_vm, id=2105, stack(0x00007f1ba38bf000,0x00007f1ba39bf000)]

Stack: [0x00007f1ba38bf000,0x00007f1ba39bf000],  sp=0x00007f1ba39bd410,  free space=1017k
Native frames: (J=compiled Java code, j=interpreted, Vv=VM code, C=native code)
V  [libjvm.so+0x9fb5cd]  VMError::report_and_die()+0x15d
V  [libjvm.so+0x4c217a]  report_vm_out_of_memory(char const*, int, unsigned long, VMErrorType, char const*)+0x8a
V  [libjvm.so+0x861e07]  os::pd_commit_memory_or_exit(char*, unsigned long, unsigned long, bool, char const*)+0xe7
V  [libjvm.so+0x85988d]  os::commit_memory_or_exit(char*, unsigned long, unsigned long, bool, char const*)+0x1d
V  [libjvm.so+0x57d984]  G1PageBasedVirtualSpace::commit_internal(unsigned long, unsigned long)+0x224
V  [libjvm.so+0x57da84]  G1PageBasedVirtualSpace::commit(unsigned long, unsigned long)+0xf4
V  [libjvm.so+0x580048]  G1RegionsLargerThanCommitSizeMapper::commit_regions(unsigned int, unsigned long)+0x38
V  [libjvm.so+0x5d5f55]  HeapRegionManager::commit_regions(unsigned int, unsigned long)+0x75
V  [libjvm.so+0x5d601e]  HeapRegionManager::make_regions_available(unsigned int, unsigned int)+0x2e
V  [libjvm.so+0x5d669a]  HeapRegionManager::expand_by(unsigned int)+0x5a
V  [libjvm.so+0x5592fa]  G1CollectedHeap::expand(unsigned long)+0x17a
V  [libjvm.so+0x562e17]  G1CollectedHeap::initialize()+0x7d7
V  [libjvm.so+0x9c6c19]  Universe::initialize_heap()+0x189
V  [libjvm.so+0x9c6e13]  universe_init()+0x33
V  [libjvm.so+0x5ea1e5]  init_globals()+0x55
V  [libjvm.so+0x9aa454]  Threads::create_vm(JavaVMInitArgs*, bool*)+0x284
V  [libjvm.so+0x658191]  JNI_CreateJavaVM+0x51
C  [libjli.so+0x7998]  JavaMain+0x88
C  [libpthread.so.0+0x76db]  start_thread+0xdb


---------------  P R O C E S S  ---------------

Java Threads: ( => current thread )

Other Threads:

=>0x00007f1b9c00c000 (exited) JavaThread "Unknown thread" [_thread_in_vm, id=2105, stack(0x00007f1ba38bf000,0x00007f1ba39bf000)]

VM state:not at safepoint (not fully initialized)

VM Mutex/Monitor currently owned by a thread:  ([mutex/lock_event])
[0x00007f1b9c008ac0] Heap_lock - owner thread: 0x00007f1b9c00c000

heap address: 0x0000000680000000, size: 5120 MB, Compressed Oops mode: Non-zero based:0x000000067ffff000, Oop shift amount: 3
Narrow klass base: 0x0000000000000000, Narrow klass shift: 0

GC Heap History (0 events):
No events

Deoptimization events (0 events):
No events

Classes redefined (0 events):
No events

Internal exceptions (0 events):
No events

Events (0 events):
No events


Dynamic libraries:
00400000-00401000 r-xp 00000000 08:01 259301                             /usr/lib/jvm/adoptopenjdk-8-hotspot-amd64/bin/java
00600000-00601000 r--p 00000000 08:01 259301                             /usr/lib/jvm/adoptopenjdk-8-hotspot-amd64/bin/java
00601000-00602000 rw-p 00001000 08:01 259301                             /usr/lib/jvm/adoptopenjdk-8-hotspot-amd64/bin/java
020f7000-02118000 rw-p 00000000 00:00 0                                  [heap]
7f1b60000000-7f1b60021000 rw-p 00000000 00:00 0 
7f1b60021000-7f1b64000000 ---p 00000000 00:00 0 
7f1b65c35000-7f1b68000000 rw-p 00000000 00:00 0 
7f1b68000000-7f1b68021000 rw-p 00000000 00:00 0 
7f1b68021000-7f1b6c000000 ---p 00000000 00:00 0 
7f1b6c0bf000-7f1b6c200000 rw-p 00000000 00:00 0 
7f1b6c200000-7f1b78000000 ---p 00000000 00:00 0 
7f1b78000000-7f1b78021000 rw-p 00000000 00:00 0 
7f1b78021000-7f1b7c000000 ---p 00000000 00:00 0 
7f1b7c000000-7f1b7c021000 rw-p 00000000 00:00 0 
7f1b7c021000-7f1b80000000 ---p 00000000 00:00 0 
7f1b80000000-7f1b80021000 rw-p 00000000 00:00 0 
7f1b80021000-7f1b84000000 ---p 00000000 00:00 0 
7f1b84000000-7f1b84021000 rw-p 00000000 00:00 0 
7f1b84021000-7f1b88000000 ---p 00000000 00:00 0 
7f1b88000000-7f1b88021000 rw-p 00000000 00:00 0 
7f1b88021000-7f1b8c000000 ---p 00000000 00:00 0 
7f1b8c0bb000-7f1b8c1bc000 rw-p 00000000 00:00 0 
7f1b8c1bc000-7f1b8c1bd000 ---p 00000000 00:00 0 
7f1b8c1bd000-7f1b8c2bd000 rw-p 00000000 00:00 0 
7f1b8c2bd000-7f1b8c2be000 ---p 00000000 00:00 0 
7f1b8c2be000-7f1b8c4ff000 rw-p 00000000 00:00 0 
7f1b8c4ff000-7f1b8ceff000 ---p 00000000 00:00 0 
7f1b8ceff000-7f1b8cf00000 ---p 00000000 00:00 0 
7f1b8cf00000-7f1b8d000000 rw-p 00000000 00:00 0 
7f1b8d000000-7f1b8d270000 rwxp 00000000 00:00 0 
7f1b8d270000-7f1b9c000000 ---p 00000000 00:00 0 
7f1b9c000000-7f1b9c08d000 rw-p 00000000 00:00 0 
7f1b9c08d000-7f1ba0000000 ---p 00000000 00:00 0 
7f1ba0053000-7f1ba0054000 ---p 00000000 00:00 0 
7f1ba0054000-7f1ba0154000 rw-p 00000000 00:00 0 
7f1ba0154000-7f1ba0155000 ---p 00000000 00:00 0 
7f1ba0155000-7f1ba0457000 rw-p 00000000 00:00 0 
7f1ba0457000-7f1ba0458000 ---p 00000000 00:00 0 
7f1ba0458000-7f1ba0558000 rw-p 00000000 00:00 0 
7f1ba0558000-7f1ba0559000 ---p 00000000 00:00 0 
7f1ba0559000-7f1ba0663000 rw-p 00000000 00:00 0 
7f1ba0663000-7f1ba0a19000 ---p 00000000 00:00 0 
7f1ba0a19000-7f1ba0a34000 r-xp 00000000 08:01 258770                     /usr/lib/jvm/adoptopenjdk-8-hotspot-amd64/jre/lib/amd64/libzip.so
7f1ba0a34000-7f1ba0c33000 ---p 0001b000 08:01 258770                     /usr/lib/jvm/adoptopenjdk-8-hotspot-amd64/jre/lib/amd64/libzip.so
7f1ba0c33000-7f1ba0c34000 r--p 0001a000 08:01 258770                     /usr/lib/jvm/adoptopenjdk-8-hotspot-amd64/jre/lib/amd64/libzip.so
7f1ba0c34000-7f1ba0c35000 rw-p 0001b000 08:01 258770                     /usr/lib/jvm/adoptopenjdk-8-hotspot-amd64/jre/lib/amd64/libzip.so
7f1ba0c35000-7f1ba0c40000 r-xp 00000000 08:01 2094                       /lib/x86_64-linux-gnu/libnss_files-2.27.so
7f1ba0c40000-7f1ba0e3f000 ---p 0000b000 08:01 2094                       /lib/x86_64-linux-gnu/libnss_files-2.27.so
7f1ba0e3f000-7f1ba0e40000 r--p 0000a000 08:01 2094                       /lib/x86_64-linux-gnu/libnss_files-2.27.so
7f1ba0e40000-7f1ba0e41000 rw-p 0000b000 08:01 2094                       /lib/x86_64-linux-gnu/libnss_files-2.27.so
7f1ba0e41000-7f1ba0e47000 rw-p 00000000 00:00 0 
7f1ba0e47000-7f1ba0e5e000 r-xp 00000000 08:01 2091                       /lib/x86_64-linux-gnu/libnsl-2.27.so
7f1ba0e5e000-7f1ba105d000 ---p 00017000 08:01 2091                       /lib/x86_64-linux-gnu/libnsl-2.27.so
7f1ba105d000-7f1ba105e000 r--p 00016000 08:01 2091                       /lib/x86_64-linux-gnu/libnsl-2.27.so
7f1ba105e000-7f1ba105f000 rw-p 00017000 08:01 2091                       /lib/x86_64-linux-gnu/libnsl-2.27.so
7f1ba105f000-7f1ba1061000 rw-p 00000000 00:00 0 
7f1ba1061000-7f1ba106c000 r-xp 00000000 08:01 2096                       /lib/x86_64-linux-gnu/libnss_nis-2.27.so
7f1ba106c000-7f1ba126b000 ---p 0000b000 08:01 2096                       /lib/x86_64-linux-gnu/libnss_nis-2.27.so
7f1ba126b000-7f1ba126c000 r--p 0000a000 08:01 2096                       /lib/x86_64-linux-gnu/libnss_nis-2.27.so
7f1ba126c000-7f1ba126d000 rw-p 0000b000 08:01 2096                       /lib/x86_64-linux-gnu/libnss_nis-2.27.so
7f1ba126d000-7f1ba1275000 r-xp 00000000 08:01 2092                       /lib/x86_64-linux-gnu/libnss_compat-2.27.so
7f1ba1275000-7f1ba1475000 ---p 00008000 08:01 2092                       /lib/x86_64-linux-gnu/libnss_compat-2.27.so
7f1ba1475000-7f1ba1476000 r--p 00008000 08:01 2092                       /lib/x86_64-linux-gnu/libnss_compat-2.27.so
7f1ba1476000-7f1ba1477000 rw-p 00009000 08:01 2092                       /lib/x86_64-linux-gnu/libnss_compat-2.27.so
7f1ba1477000-7f1ba14a0000 r-xp 00000000 08:01 258806                     /usr/lib/jvm/adoptopenjdk-8-hotspot-amd64/jre/lib/amd64/libjava.so
7f1ba14a0000-7f1ba169f000 ---p 00029000 08:01 258806                     /usr/lib/jvm/adoptopenjdk-8-hotspot-amd64/jre/lib/amd64/libjava.so
7f1ba169f000-7f1ba16a0000 r--p 00028000 08:01 258806                     /usr/lib/jvm/adoptopenjdk-8-hotspot-amd64/jre/lib/amd64/libjava.so
7f1ba16a0000-7f1ba16a2000 rw-p 00029000 08:01 258806                     /usr/lib/jvm/adoptopenjdk-8-hotspot-amd64/jre/lib/amd64/libjava.so
7f1ba16a2000-7f1ba16b2000 r-xp 00000000 08:01 258776                     /usr/lib/jvm/adoptopenjdk-8-hotspot-amd64/jre/lib/amd64/libverify.so
7f1ba16b2000-7f1ba18b1000 ---p 00010000 08:01 258776                     /usr/lib/jvm/adoptopenjdk-8-hotspot-amd64/jre/lib/amd64/libverify.so
7f1ba18b1000-7f1ba18b3000 r--p 0000f000 08:01 258776                     /usr/lib/jvm/adoptopenjdk-8-hotspot-amd64/jre/lib/amd64/libverify.so
7f1ba18b3000-7f1ba18b4000 rw-p 00011000 08:01 258776                     /usr/lib/jvm/adoptopenjdk-8-hotspot-amd64/jre/lib/amd64/libverify.so
7f1ba18b4000-7f1ba18bb000 r-xp 00000000 08:01 2181                       /lib/x86_64-linux-gnu/librt-2.27.so
7f1ba18bb000-7f1ba1aba000 ---p 00007000 08:01 2181                       /lib/x86_64-linux-gnu/librt-2.27.so
7f1ba1aba000-7f1ba1abb000 r--p 00006000 08:01 2181                       /lib/x86_64-linux-gnu/librt-2.27.so
7f1ba1abb000-7f1ba1abc000 rw-p 00007000 08:01 2181                       /lib/x86_64-linux-gnu/librt-2.27.so
7f1ba1abc000-7f1ba1c59000 r-xp 00000000 08:01 2088                       /lib/x86_64-linux-gnu/libm-2.27.so
7f1ba1c59000-7f1ba1e58000 ---p 0019d000 08:01 2088                       /lib/x86_64-linux-gnu/libm-2.27.so
7f1ba1e58000-7f1ba1e59000 r--p 0019c000 08:01 2088                       /lib/x86_64-linux-gnu/libm-2.27.so
7f1ba1e59000-7f1ba1e5a000 rw-p 0019d000 08:01 2088                       /lib/x86_64-linux-gnu/libm-2.27.so
7f1ba1e5a000-7f1ba2a6a000 r-xp 00000000 08:01 258787                     /usr/lib/jvm/adoptopenjdk-8-hotspot-amd64/jre/lib/amd64/server/libjvm.so
7f1ba2a6a000-7f1ba2c69000 ---p 00c10000 08:01 258787                     /usr/lib/jvm/adoptopenjdk-8-hotspot-amd64/jre/lib/amd64/server/libjvm.so
7f1ba2c69000-7f1ba2d0a000 r--p 00c0f000 08:01 258787                     /usr/lib/jvm/adoptopenjdk-8-hotspot-amd64/jre/lib/amd64/server/libjvm.so
7f1ba2d0a000-7f1ba2d33000 rw-p 00cb0000 08:01 258787                     /usr/lib/jvm/adoptopenjdk-8-hotspot-amd64/jre/lib/amd64/server/libjvm.so
7f1ba2d33000-7f1ba2d77000 rw-p 00000000 00:00 0 
7f1ba2d77000-7f1ba2f5e000 r-xp 00000000 08:01 2084                       /lib/x86_64-linux-gnu/libc-2.27.so
7f1ba2f5e000-7f1ba315e000 ---p 001e7000 08:01 2084                       /lib/x86_64-linux-gnu/libc-2.27.so
7f1ba315e000-7f1ba3162000 r--p 001e7000 08:01 2084                       /lib/x86_64-linux-gnu/libc-2.27.so
7f1ba3162000-7f1ba3164000 rw-p 001eb000 08:01 2084                       /lib/x86_64-linux-gnu/libc-2.27.so
7f1ba3164000-7f1ba3168000 rw-p 00000000 00:00 0 
7f1ba3168000-7f1ba316b000 r-xp 00000000 08:01 2087                       /lib/x86_64-linux-gnu/libdl-2.27.so
7f1ba316b000-7f1ba336a000 ---p 00003000 08:01 2087                       /lib/x86_64-linux-gnu/libdl-2.27.so
7f1ba336a000-7f1ba336b000 r--p 00002000 08:01 2087                       /lib/x86_64-linux-gnu/libdl-2.27.so
7f1ba336b000-7f1ba336c000 rw-p 00003000 08:01 2087                       /lib/x86_64-linux-gnu/libdl-2.27.so
7f1ba336c000-7f1ba3382000 r-xp 00000000 08:01 259274                     /usr/lib/jvm/adoptopenjdk-8-hotspot-amd64/lib/amd64/jli/libjli.so
7f1ba3382000-7f1ba3581000 ---p 00016000 08:01 259274                     /usr/lib/jvm/adoptopenjdk-8-hotspot-amd64/lib/amd64/jli/libjli.so
7f1ba3581000-7f1ba3582000 r--p 00015000 08:01 259274                     /usr/lib/jvm/adoptopenjdk-8-hotspot-amd64/lib/amd64/jli/libjli.so
7f1ba3582000-7f1ba3583000 rw-p 00016000 08:01 259274                     /usr/lib/jvm/adoptopenjdk-8-hotspot-amd64/lib/amd64/jli/libjli.so
7f1ba3583000-7f1ba359d000 r-xp 00000000 08:01 2179                       /lib/x86_64-linux-gnu/libpthread-2.27.so
7f1ba359d000-7f1ba379c000 ---p 0001a000 08:01 2179                       /lib/x86_64-linux-gnu/libpthread-2.27.so
7f1ba379c000-7f1ba379d000 r--p 00019000 08:01 2179                       /lib/x86_64-linux-gnu/libpthread-2.27.so
7f1ba379d000-7f1ba379e000 rw-p 0001a000 08:01 2179                       /lib/x86_64-linux-gnu/libpthread-2.27.so
7f1ba379e000-7f1ba37a2000 rw-p 00000000 00:00 0 
7f1ba37a2000-7f1ba37c9000 r-xp 00000000 08:01 2080                       /lib/x86_64-linux-gnu/ld-2.27.so
7f1ba37ce000-7f1ba38b6000 rw-p 00000000 00:00 0 
7f1ba38b6000-7f1ba38be000 rw-s 00000000 08:01 774234                     /tmp/hsperfdata_ethanaldrich9986/2104
7f1ba38be000-7f1ba38bf000 ---p 00000000 00:00 0 
7f1ba38bf000-7f1ba38c2000 ---p 00000000 00:00 0 
7f1ba38c2000-7f1ba39c1000 rw-p 00000000 00:00 0 
7f1ba39c5000-7f1ba39c6000 rw-p 00000000 00:00 0 
7f1ba39c6000-7f1ba39c7000 r--p 00000000 00:00 0 
7f1ba39c7000-7f1ba39c9000 rw-p 00000000 00:00 0 
7f1ba39c9000-7f1ba39ca000 r--p 00027000 08:01 2080                       /lib/x86_64-linux-gnu/ld-2.27.so
7f1ba39ca000-7f1ba39cb000 rw-p 00028000 08:01 2080                       /lib/x86_64-linux-gnu/ld-2.27.so
7f1ba39cb000-7f1ba39cc000 rw-p 00000000 00:00 0 
7ffea8631000-7ffea8652000 rw-p 00000000 00:00 0                          [stack]
7ffea8762000-7ffea8765000 r--p 00000000 00:00 0                          [vvar]
7ffea8765000-7ffea8766000 r-xp 00000000 00:00 0                          [vdso]
ffffffffff600000-ffffffffff601000 r-xp 00000000 00:00 0                  [vsyscall]

VM Arguments:
jvm_args: -Xms5G -Xmx5G -XX:+UseG1GC -XX:+UnlockExperimentalVMOptions -XX:MaxGCPauseMillis=100 -XX:+DisableExplicitGC -XX:TargetSurvivorRatio=90 -XX:G1NewSizePercent=50 -XX:G1MaxNewSizePercent=80 -XX:G1MixedGCLiveThresholdPercent=35 -XX:+AlwaysPreTouch -XX:+ParallelRefProcEnabled 
java_command: server.jar
java_class_path (initial): server.jar
Launcher Type: SUN_STANDARD

Environment Variables:
PATH=/usr/local/sbin:/usr/local/bin:/usr/sbin:/usr/bin:/sbin:/bin:/usr/games:/usr/local/games:/snap/bin
SHELL=/bin/bash

Signal Handlers:
SIGSEGV: [libjvm.so+0x9fc0d0], sa_mask[0]=11111111011111111101111111111110, sa_flags=SA_RESTART|SA_SIGINFO
SIGBUS: [libjvm.so+0x9fc0d0], sa_mask[0]=11111111011111111101111111111110, sa_flags=SA_RESTART|SA_SIGINFO
SIGFPE: [libjvm.so+0x85d360], sa_mask[0]=11111111011111111101111111111110, sa_flags=SA_RESTART|SA_SIGINFO
SIGPIPE: [libjvm.so+0x85d360], sa_mask[0]=11111111011111111101111111111110, sa_flags=SA_RESTART|SA_SIGINFO
SIGXFSZ: [libjvm.so+0x85d360], sa_mask[0]=11111111011111111101111111111110, sa_flags=SA_RESTART|SA_SIGINFO
SIGILL: [libjvm.so+0x85d360], sa_mask[0]=11111111011111111101111111111110, sa_flags=SA_RESTART|SA_SIGINFO
SIGUSR1: SIG_DFL, sa_mask[0]=00000000000000000000000000000000, sa_flags=none
SIGUSR2: [libjvm.so+0x85d230], sa_mask[0]=00000000000000000000000000000000, sa_flags=SA_RESTART|SA_SIGINFO
SIGHUP: SIG_DFL, sa_mask[0]=00000000000000000000000000000000, sa_flags=none
SIGINT: SIG_DFL, sa_mask[0]=00000000000000000000000000000000, sa_flags=none
SIGTERM: SIG_DFL, sa_mask[0]=00000000000000000000000000000000, sa_flags=none
SIGQUIT: SIG_DFL, sa_mask[0]=00000000000000000000000000000000, sa_flags=none


---------------  S Y S T E M  ---------------

OS:DISTRIB_ID=Ubuntu
DISTRIB_RELEASE=18.04
DISTRIB_CODENAME=bionic
DISTRIB_DESCRIPTION="Ubuntu 18.04.4 LTS"

uname:Linux 5.0.0-1031-gcp #32-Ubuntu SMP Tue Feb 11 03:55:48 UTC 2020 x86_64
libc:glibc 2.27 NPTL 2.27 
rlimit: STACK 8192k, CORE 0k, NPROC 29767, NOFILE 1048576, AS infinity
load average:0.20 0.56 0.42

/proc/meminfo:
MemTotal:        7648908 kB
MemFree:          874960 kB
MemAvailable:    1072412 kB
Buffers:           28812 kB
Cached:           372836 kB
SwapCached:            0 kB
Active:          6368100 kB
Inactive:         247076 kB
Active(anon):    6214244 kB
Inactive(anon):      176 kB
Active(file):     153856 kB
Inactive(file):   246900 kB
Unevictable:           0 kB
Mlocked:               0 kB
SwapTotal:             0 kB
SwapFree:              0 kB
Dirty:                32 kB
Writeback:             0 kB
AnonPages:       6213528 kB
Mapped:            74860 kB
Shmem:               896 kB
KReclaimable:      31928 kB
Slab:              71556 kB
SReclaimable:      31928 kB
SUnreclaim:        39628 kB
KernelStack:        2916 kB
PageTables:        17212 kB
NFS_Unstable:          0 kB
Bounce:                0 kB
WritebackTmp:          0 kB
CommitLimit:     3824452 kB
Committed_AS:    6195752 kB
VmallocTotal:   34359738367 kB
VmallocUsed:           0 kB
VmallocChunk:          0 kB
Percpu:              824 kB
HardwareCorrupted:     0 kB
AnonHugePages:         0 kB
ShmemHugePages:        0 kB
ShmemPmdMapped:        0 kB
CmaTotal:              0 kB
CmaFree:               0 kB
HugePages_Total:       0
HugePages_Free:        0
HugePages_Rsvd:        0
HugePages_Surp:        0
Hugepagesize:       2048 kB
Hugetlb:               0 kB
DirectMap4k:       85180 kB
DirectMap2M:     3584000 kB
DirectMap1G:     4194304 kB

container (cgroup) information:
container_type: cgroupv1
cpu_cpuset_cpus: 0-1
cpu_memory_nodes: 0
active_processor_count: 2
cpu_quota: -1
cpu_period: 100000
cpu_shares: -1
memory_limit_in_bytes: -1
memory_and_swap_limit_in_bytes: -2
memory_soft_limit_in_bytes: -1
memory_usage_in_bytes: 6480105472
memory_max_usage_in_bytes: 6480105472


CPU:total 2 (initial active 2) (1 cores per cpu, 2 threads per core) family 6 model 85 stepping 3, cmov, cx8, fxsr, mmx, sse, sse2, sse3, ssse3, sse4.1, sse4.2, popcnt, avx, avx2, aes, clmul, erms, rtm, 3dnowpref, lzcnt, ht, tsc, tscinvbit, bmi1, bmi2, adx

/proc/cpuinfo:
processor	: 0
vendor_id	: GenuineIntel
cpu family	: 6
model		: 85
model name	: Intel(R) Xeon(R) CPU @ 2.00GHz
stepping	: 3
microcode	: 0x1
cpu MHz		: 2000.118
cache size	: 39424 KB
physical id	: 0
siblings	: 2
core id		: 0
cpu cores	: 1
apicid		: 0
initial apicid	: 0
fpu		: yes
fpu_exception	: yes
cpuid level	: 13
wp		: yes
flags		: fpu vme de pse tsc msr pae mce cx8 apic sep mtrr pge mca cmov pat pse36 clflush mmx fxsr sse sse2 ss ht syscall nx pdpe1gb rdtscp lm constant_tsc rep_good nopl xtopology nonstop_tsc cpuid tsc_known_freq pni pclmulqdq ssse3 fma cx16 pcid sse4_1 sse4_2 x2apic movbe popcnt aes xsave avx f16c rdrand hypervisor lahf_lm abm 3dnowprefetch invpcid_single pti ssbd ibrs ibpb stibp fsgsbase tsc_adjust bmi1 hle avx2 smep bmi2 erms invpcid rtm mpx avx512f avx512dq rdseed adx smap clflushopt clwb avx512cd avx512bw avx512vl xsaveopt xsavec xgetbv1 xsaves arat md_clear arch_capabilities
bugs		: cpu_meltdown spectre_v1 spectre_v2 spec_store_bypass l1tf mds swapgs taa itlb_multihit
bogomips	: 4000.23
clflush size	: 64
cache_alignment	: 64
address sizes	: 46 bits physical, 48 bits virtual
power management:

processor	: 1
vendor_id	: GenuineIntel
cpu family	: 6
model		: 85
model name	: Intel(R) Xeon(R) CPU @ 2.00GHz
stepping	: 3
microcode	: 0x1
cpu MHz		: 2000.118
cache size	: 39424 KB
physical id	: 0
siblings	: 2
core id		: 0
cpu cores	: 1
apicid		: 1
initial apicid	: 1
fpu		: yes
fpu_exception	: yes
cpuid level	: 13
wp		: yes
flags		: fpu vme de pse tsc msr pae mce cx8 apic sep mtrr pge mca cmov pat pse36 clflush mmx fxsr sse sse2 ss ht syscall nx pdpe1gb rdtscp lm constant_tsc rep_good nopl xtopology nonstop_tsc cpuid tsc_known_freq pni pclmulqdq ssse3 fma cx16 pcid sse4_1 sse4_2 x2apic movbe popcnt aes xsave avx f16c rdrand hypervisor lahf_lm abm 3dnowprefetch invpcid_single pti ssbd ibrs ibpb stibp fsgsbase tsc_adjust bmi1 hle avx2 smep bmi2 erms invpcid rtm mpx avx512f avx512dq rdseed adx smap clflushopt clwb avx512cd avx512bw avx512vl xsaveopt xsavec xgetbv1 xsaves arat md_clear arch_capabilities
bugs		: cpu_meltdown spectre_v1 spectre_v2 spec_store_bypass l1tf mds swapgs taa itlb_multihit
bogomips	: 4000.23
clflush size	: 64
cache_alignment	: 64
address sizes	: 46 bits physical, 48 bits virtual
power management:



Memory: 4k page, physical 7648908k(874708k free), swap 0k(0k free)

vm_info: OpenJDK 64-Bit Server VM (25.242-b08) for linux-amd64 JRE (1.8.0_242-b08), built on Jan 19 2020 14:47:27 by "jenkins" with gcc 4.8.2 20140120 (Red Hat 4.8.2-15)

time: Mon Mar 16 04:34:10 2020
timezone: UTC
elapsed time: 0 seconds (0d 0h 0m 0s)

